[0m16:05:30.837037 [debug] [MainThread]: Sending event: {'category': 'dbt', 'action': 'invocation', 'label': 'start', 'context': [<snowplow_tracker.self_describing_json.SelfDescribingJson object at 0x0000029D08A92460>, <snowplow_tracker.self_describing_json.SelfDescribingJson object at 0x0000029D0B33C820>, <snowplow_tracker.self_describing_json.SelfDescribingJson object at 0x0000029D0B33C8B0>]}


============================== 16:05:30.843036 | 158cf324-0d97-4522-8822-b98e077ca0d4 ==============================
[0m16:05:30.843036 [info ] [MainThread]: Running with dbt=1.7.7
[0m16:05:30.844035 [debug] [MainThread]: running dbt with arguments {'printer_width': '80', 'indirect_selection': 'eager', 'write_json': 'True', 'log_cache_events': 'False', 'partial_parse': 'True', 'cache_selected_only': 'False', 'warn_error': 'None', 'version_check': 'True', 'debug': 'False', 'log_path': 'logs', 'fail_fast': 'False', 'profiles_dir': 'C:\\Users\\a-whitec\\.dbt', 'use_colors': 'True', 'use_experimental_parser': 'False', 'no_print': 'None', 'quiet': 'False', 'warn_error_options': 'WarnErrorOptions(include=[], exclude=[])', 'static_parser': 'True', 'invocation_command': 'dbt init', 'log_format': 'default', 'target_path': 'None', 'introspect': 'True', 'send_anonymous_usage_stats': 'True'}
[0m16:05:30.845068 [warn ] [MainThread]: [ConfigFolderDirectory]: Unable to parse dict {'dir': WindowsPath('C:/Users/a-whitec/.dbt')}
[0m16:05:30.846038 [info ] [MainThread]: Creating dbt configuration folder at 
[0m16:05:36.155327 [debug] [MainThread]: Starter project path: C:\Users\whitec\AppData\Local\Programs\Python\Python39\lib\site-packages\dbt\include\starter_project
[0m16:05:36.225324 [info ] [MainThread]: 
Your new dbt project "cosmosproject" was created!

For more information on how to configure the profiles.yml file,
please consult the dbt documentation here:

  https://docs.getdbt.com/docs/configure-your-profile

One more thing:

Need help? Don't hesitate to reach out to us via GitHub issues or on Slack:

  https://community.getdbt.com/

Happy modeling!

[0m16:05:36.225324 [info ] [MainThread]: Setting up your profile.
[0m16:05:36.228326 [error] [MainThread]: Encountered an error:
Runtime Error
  No adapters available. Learn how to install an adapter by going to https://docs.getdbt.com/docs/connect-adapters#install-using-the-cli
[0m16:05:36.230326 [debug] [MainThread]: Command `dbt init` failed at 16:05:36.229329 after 5.39 seconds
[0m16:05:36.230326 [debug] [MainThread]: Sending event: {'category': 'dbt', 'action': 'invocation', 'label': 'end', 'context': [<snowplow_tracker.self_describing_json.SelfDescribingJson object at 0x0000029D08A92460>, <snowplow_tracker.self_describing_json.SelfDescribingJson object at 0x0000029D0B33C580>, <snowplow_tracker.self_describing_json.SelfDescribingJson object at 0x0000029D0B33CFD0>]}
[0m16:05:36.231325 [debug] [MainThread]: Flushing usage events
